<?xml version="1.0" encoding="UTF-8"?>
<testsuite name="hello.core.CoreApplicationTests" tests="1" skipped="0" failures="0" errors="0" timestamp="2023-05-02T08:24:18" hostname="yunjiyuns-MacBook-Pro.local" time="0.17">
  <properties/>
  <testcase name="contextLoads()" classname="hello.core.CoreApplicationTests" time="0.17"/>
  <system-out><![CDATA[17:24:17.916 [Test worker] DEBUG org.springframework.boot.test.context.SpringBootTestContextBootstrapper -- Neither @ContextConfiguration nor @ContextHierarchy found for test class [CoreApplicationTests]: using SpringBootContextLoader
17:24:17.919 [Test worker] DEBUG org.springframework.test.context.support.AbstractContextLoader -- Could not detect default resource locations for test class [hello.core.CoreApplicationTests]: no resource found for suffixes {-context.xml, Context.groovy}.
17:24:17.919 [Test worker] INFO org.springframework.test.context.support.AnnotationConfigContextLoaderUtils -- Could not detect default configuration classes for test class [hello.core.CoreApplicationTests]: CoreApplicationTests does not declare any static, non-private, non-final, nested classes annotated with @Configuration.
17:24:17.927 [Test worker] DEBUG org.springframework.boot.test.context.SpringBootTestContextBootstrapper -- Using ContextCustomizers for test class [CoreApplicationTests]: [DisableObservabilityContextCustomizer, PropertyMappingContextCustomizer, Customizer, ExcludeFilterContextCustomizer, DuplicateJsonObjectContextCustomizer, MockitoContextCustomizer, TestRestTemplateContextCustomizer]
17:24:17.955 [Test worker] DEBUG org.springframework.context.annotation.ClassPathScanningCandidateComponentProvider -- Identified candidate component class: file [/Users/yunjiyun/Downloads/core/build/classes/java/main/hello/core/CoreApplication.class]
17:24:17.955 [Test worker] INFO org.springframework.boot.test.context.SpringBootTestContextBootstrapper -- Found @SpringBootConfiguration hello.core.CoreApplication for test class hello.core.CoreApplicationTests
17:24:17.987 [Test worker] DEBUG org.springframework.test.context.util.TestContextSpringFactoriesUtils -- Skipping candidate TestExecutionListener [org.springframework.test.context.web.ServletTestExecutionListener] due to a missing dependency. Specify custom TestExecutionListener classes or make the default TestExecutionListener classes and their required dependencies available. Offending class: [jakarta/servlet/ServletContext]
17:24:17.989 [Test worker] DEBUG org.springframework.test.context.util.TestContextSpringFactoriesUtils -- Skipping candidate TestExecutionListener [org.springframework.test.context.transaction.TransactionalTestExecutionListener] due to a missing dependency. Specify custom TestExecutionListener classes or make the default TestExecutionListener classes and their required dependencies available. Offending class: [org/springframework/transaction/interceptor/TransactionAttributeSource]
17:24:17.990 [Test worker] DEBUG org.springframework.test.context.util.TestContextSpringFactoriesUtils -- Skipping candidate TestExecutionListener [org.springframework.test.context.jdbc.SqlScriptsTestExecutionListener] due to a missing dependency. Specify custom TestExecutionListener classes or make the default TestExecutionListener classes and their required dependencies available. Offending class: [org/springframework/transaction/interceptor/TransactionAttribute]
17:24:17.990 [Test worker] DEBUG org.springframework.boot.test.context.SpringBootTestContextBootstrapper -- Using TestExecutionListeners for test class [CoreApplicationTests]: [DirtiesContextBeforeModesTestExecutionListener, ApplicationEventsTestExecutionListener, MockitoTestExecutionListener, DependencyInjectionTestExecutionListener, DirtiesContextTestExecutionListener, EventPublishingTestExecutionListener, RestDocsTestExecutionListener, MockRestServiceServerResetTestExecutionListener, MockMvcPrintOnlyOnFailureTestExecutionListener, WebDriverTestExecutionListener, MockWebServiceServerTestExecutionListener, ResetMocksTestExecutionListener]
17:24:17.991 [Test worker] DEBUG org.springframework.test.context.support.AbstractDirtiesContextTestExecutionListener -- Before test class: class [CoreApplicationTests], class annotated with @DirtiesContext [false] with mode [null]
17:24:17.998 [Test worker] DEBUG org.springframework.test.context.support.DependencyInjectionTestExecutionListener -- Performing dependency injection for test class hello.core.CoreApplicationTests

  .   ____          _            __ _ _
 /\\ / ___'_ __ _ _(_)_ __  __ _ \ \ \ \
( ( )\___ | '_ | '_| | '_ \/ _` | \ \ \ \
 \\/  ___)| |_)| | | | | || (_| |  ) ) ) )
  '  |____| .__|_| |_|_| |_\__, | / / / /
 =========|_|==============|___/=/_/_/_/
 :: Spring Boot ::                (v3.0.6)

2023-05-02T17:24:18.104+09:00  INFO 96266 --- [    Test worker] hello.core.CoreApplicationTests          : Starting CoreApplicationTests using Java 17.0.6 with PID 96266 (started by yunjiyun in /Users/yunjiyun/Downloads/core)
2023-05-02T17:24:18.105+09:00  INFO 96266 --- [    Test worker] hello.core.CoreApplicationTests          : No active profile set, falling back to 1 default profile: "default"
2023-05-02T17:24:18.314+09:00  INFO 96266 --- [    Test worker] hello.core.CoreApplicationTests          : Started CoreApplicationTests in 0.303 seconds (process running for 0.739)
]]></system-out>
  <system-err><![CDATA[]]></system-err>
</testsuite>
